<?xml version="1.0" encoding="UTF-8"?>
<!-- Generated by org.testng.reporters.JUnitReportReporter -->
<testsuite hostname="PUNITP337803L" failures="0" tests="2" name="stepDefinition.StepDefination9_DetaProvider" time="4.778" errors="0" timestamp="9 Nov 2020 11:16:05 GMT">
  <testcase classname="stepDefinition.StepDefination9_DetaProvider" name="signIn" time="3.045"/>
  <testcase classname="stepDefinition.StepDefination9_DetaProvider" name="signIn" time="1.733"/>
</testsuite> <!-- stepDefinition.StepDefination9_DetaProvider -->
