<?xml version="1.0" encoding="UTF-8"?>
<!-- Generated by org.testng.reporters.JUnitReportReporter -->
<testsuite hostname="PUNITP337803L" failures="0" tests="1" name="parametrizationandreportassignment2.ParameterByDataprovider" time="3.255" errors="0" timestamp="6 Nov 2020 04:25:38 GMT">
  <testcase classname="parametrizationandreportassignment2.ParameterByDataprovider" name="testMethod" time="3.255"/>
</testsuite> <!-- parametrizationandreportassignment2.ParameterByDataprovider -->
