<?xml version="1.0" encoding="UTF-8"?>
<!-- Generated by org.testng.reporters.JUnitReportReporter -->
<testsuite hostname="PUNITP337803L" failures="0" tests="1" name="Demo.Demo.GoogleSearchWebpage" time="5.967" errors="0" timestamp="4 Nov 2020 11:07:19 GMT">
  <testcase classname="Demo.Demo.GoogleSearchWebpage" name="GoogleSearchWebpageM" time="5.967"/>
</testsuite> <!-- Demo.Demo.GoogleSearchWebpage -->
