<?xml version="1.0" encoding="UTF-8"?>
<!-- Generated by org.testng.reporters.JUnitReportReporter -->
<testsuite hostname="PUNITP337803L" failures="0" tests="1" name="SeleniumAasignment.SetWindowSize" time="4.116" errors="0" timestamp="5 Nov 2020 12:14:14 GMT">
  <testcase classname="SeleniumAasignment.SetWindowSize" name="SetSizeWindowM" time="4.116"/>
</testsuite> <!-- SeleniumAasignment.SetWindowSize -->
