<?xml version="1.0" encoding="UTF-8"?>
<!-- Generated by org.testng.reporters.JUnitReportReporter -->
<testsuite hostname="PUNITP337803L" failures="0" tests="1" name="parametrizationandreportassignment2.ExtentReportResult" time="9.575" errors="0" timestamp="6 Nov 2020 05:48:39 GMT">
  <testcase classname="parametrizationandreportassignment2.ExtentReportResult" name="extentReportsDemo" time="9.575"/>
</testsuite> <!-- parametrizationandreportassignment2.ExtentReportResult -->
