<?xml version="1.0" encoding="UTF-8"?>
<!-- Generated by org.testng.reporters.JUnitReportReporter -->
<testsuite hostname="PUNITP337803L" failures="0" tests="1" name="assertionsassignment3.WebPageScreenshot" time="11.213" errors="0" timestamp="6 Nov 2020 04:45:38 GMT">
  <testcase classname="assertionsassignment3.WebPageScreenshot" name="CaptureScreenShot" time="11.213"/>
</testsuite> <!-- assertionsassignment3.WebPageScreenshot -->
