<?xml version="1.0" encoding="UTF-8"?>
<!-- Generated by org.testng.reporters.JUnitReportReporter -->
<testsuite hostname="PUNITP337803L" failures="0" tests="1" name="Demo.Demo.DragDrop" time="4.490" errors="0" timestamp="4 Nov 2020 11:04:28 GMT">
  <testcase classname="Demo.Demo.DragDrop" name="DragnDrop" time="4.490"/>
</testsuite> <!-- Demo.Demo.DragDrop -->
