<?xml version="1.0" encoding="UTF-8"?>
<!-- Generated by org.testng.reporters.JUnitReportReporter -->
<testsuite hostname="PUNITP337803L" failures="0" tests="1" name="SeleniumAasignment.ScriptScrolling" time="2.882" errors="0" timestamp="5 Nov 2020 12:06:02 GMT">
  <testcase classname="SeleniumAasignment.ScriptScrolling" name="ScrollScript" time="2.882"/>
</testsuite> <!-- SeleniumAasignment.ScriptScrolling -->
