<?xml version="1.0" encoding="UTF-8"?>
<!-- Generated by org.testng.reporters.JUnitReportReporter -->
<testsuite hostname="PUNITP337803L" failures="0" tests="1" name="SeleniumAasignment.PopUpHandling" time="0.005" errors="0" timestamp="4 Nov 2020 11:25:57 GMT">
  <testcase classname="SeleniumAasignment.PopUpHandling" name="PopUPScript" time="0.005"/>
</testsuite> <!-- SeleniumAasignment.PopUpHandling -->
