<?xml version="1.0" encoding="UTF-8"?>
<!-- Generated by org.testng.reporters.JUnitReportReporter -->
<testsuite hostname="PUNITP337803L" failures="0" tests="5" name="assertionsassignment3.GetAttributeCreateGAccount" time="0.205" errors="0" timestamp="6 Nov 2020 04:50:55 GMT">
  <testcase classname="assertionsassignment3.GetAttributeCreateGAccount" name="FirstName" time="0.041"/>
  <testcase classname="assertionsassignment3.GetAttributeCreateGAccount" name="Password" time="0.034"/>
  <testcase classname="assertionsassignment3.GetAttributeCreateGAccount" name="UserName" time="0.034"/>
  <testcase classname="assertionsassignment3.GetAttributeCreateGAccount" name="ConfirmPassword" time="0.057"/>
  <testcase classname="assertionsassignment3.GetAttributeCreateGAccount" name="LastName" time="0.039"/>
</testsuite> <!-- assertionsassignment3.GetAttributeCreateGAccount -->
