<?xml version="1.0" encoding="UTF-8"?>
<!-- Generated by org.testng.reporters.JUnitReportReporter -->
<testsuite hostname="PUNITP337803L" failures="0" tests="1" name="SeleniumAasignment.TextWithoutUsingSendkeys" time="8.443" errors="0" timestamp="5 Nov 2020 12:19:28 GMT">
  <testcase classname="SeleniumAasignment.TextWithoutUsingSendkeys" name="WithoutSenkeysM" time="8.443"/>
</testsuite> <!-- SeleniumAasignment.TextWithoutUsingSendkeys -->
