<?xml version="1.0" encoding="UTF-8"?>
<!-- Generated by org.testng.reporters.JUnitReportReporter -->
<testsuite hostname="PUNITP337803L" failures="0" tests="1" name="parametrizationandreportassignment2.DataproviderByParameter" time="3.310" errors="0" timestamp="6 Nov 2020 05:49:49 GMT">
  <testcase classname="parametrizationandreportassignment2.DataproviderByParameter" name="testMethod" time="3.310"/>
</testsuite> <!-- parametrizationandreportassignment2.DataproviderByParameter -->
