<?xml version="1.0" encoding="UTF-8"?>
<!-- Generated by org.testng.reporters.JUnitReportReporter -->
<testsuite hostname="PUNITP337803L" failures="0" tests="1" name="assertionsassignment3.TwoDifferantAreas" time="14.550" errors="0" timestamp="6 Nov 2020 07:11:51 GMT">
  <testcase classname="assertionsassignment3.TwoDifferantAreas" name="verifyPinForAreas" time="14.550"/>
</testsuite> <!-- assertionsassignment3.TwoDifferantAreas -->
